2023-03-29 08:40:22.662 [restartedMain] INFO  com.project.Main.logStarting(51) - Starting Main using Java 17.0.6 with PID 6236 (C:\Users\Jagoda\programowaniezwinne\project-web-app\build\classes\java\main started by Jagoda in C:\Users\Jagoda\programowaniezwinne)
2023-03-29 08:40:22.686 [restartedMain] INFO  com.project.Main.logStartupProfileInfo(632) - No active profile set, falling back to 1 default profile: "default"
2023-03-29 08:40:29.433 [restartedMain] INFO  com.project.Main.logStarted(57) - Started Main in 8.255 seconds (process running for 10.872)
2023-03-29 08:41:20.144 [http-nio-8081-exec-8] INFO  c.project.service.ProjektServiceImpl.getProjekty(68) - REQUEST -> GET http://localhost:8080/api/projekty?page=0&size=20&sort=
2023-03-29 08:53:25.788 [http-nio-8081-exec-2] INFO  c.project.service.ProjektServiceImpl.getStudenci(84) - REQUEST -> GET http://localhost:8080/api/studenci?page=0&size=20&sort=
2023-03-29 08:53:25.967 [http-nio-8081-exec-2] INFO  c.project.service.ProjektServiceImpl.getProjekty(68) - REQUEST -> GET http://localhost:8080/api/projekty?page=0&size=20&sort=
2023-03-29 08:53:29.337 [http-nio-8081-exec-4] INFO  c.project.service.ProjektServiceImpl.getStudent(39) - REQUEST -> GET http://localhost:8080/api/studenci/2
2023-03-29 08:53:29.521 [http-nio-8081-exec-4] INFO  c.project.service.ProjektServiceImpl.getProjekt(35) - REQUEST -> GET http://localhost:8080/api/projekty/null
2023-03-29 08:53:42.388 [http-nio-8081-exec-5] INFO  c.project.service.ProjektServiceImpl.getStudent(39) - REQUEST -> GET http://localhost:8080/api/studenci/2
2023-03-29 08:53:42.547 [http-nio-8081-exec-5] INFO  c.project.service.ProjektServiceImpl.getProjekt(35) - REQUEST -> GET http://localhost:8080/api/projekty/null
2023-03-29 08:55:26.824 [restartedMain] INFO  com.project.Main.logStarting(51) - Starting Main using Java 17.0.6 with PID 7628 (C:\Users\Jagoda\programowaniezwinne\project-web-app\build\classes\java\main started by Jagoda in C:\Users\Jagoda\programowaniezwinne)
2023-03-29 08:55:26.826 [restartedMain] INFO  com.project.Main.logStartupProfileInfo(632) - No active profile set, falling back to 1 default profile: "default"
2023-03-29 08:55:33.908 [restartedMain] INFO  com.project.Main.logStarted(57) - Started Main in 8.251 seconds (process running for 9.862)
2023-03-29 08:55:59.810 [http-nio-8081-exec-5] INFO  c.project.service.ProjektServiceImpl.setStudent(53) - REQUEST -> POST http://localhost:8080/api/studenci
2023-03-29 08:56:48.161 [restartedMain] INFO  com.project.Main.logStarting(51) - Starting Main using Java 17.0.6 with PID 6972 (C:\Users\Jagoda\programowaniezwinne\project-web-app\build\classes\java\main started by Jagoda in C:\Users\Jagoda\programowaniezwinne)
2023-03-29 08:56:48.164 [restartedMain] INFO  com.project.Main.logStartupProfileInfo(632) - No active profile set, falling back to 1 default profile: "default"
2023-03-29 08:56:51.725 [restartedMain] INFO  com.project.Main.logStarted(57) - Started Main in 5.091 seconds (process running for 8.28)
2023-03-29 08:57:06.824 [http-nio-8081-exec-3] INFO  c.project.service.ProjektServiceImpl.setStudent(53) - REQUEST -> POST http://localhost:8080/api/studenci
2023-03-29 08:57:52.977 [http-nio-8081-exec-6] INFO  c.project.service.ProjektServiceImpl.setStudent(53) - REQUEST -> POST http://localhost:8080/api/studenci
2023-03-29 09:00:28.952 [http-nio-8081-exec-9] INFO  c.project.service.ProjektServiceImpl.setStudent(53) - REQUEST -> POST http://localhost:8080/api/studenci
2023-03-29 09:00:29.769 [http-nio-8081-exec-9] INFO  c.project.service.ProjektServiceImpl.setStudent(55) - REQUEST (location) -> GET http://localhost:8080/api/studenci/3
2023-03-29 09:00:30.166 [http-nio-8081-exec-10] INFO  c.project.service.ProjektServiceImpl.getStudenci(84) - REQUEST -> GET http://localhost:8080/api/studenci?page=0&size=20&sort=
2023-03-29 09:00:30.478 [http-nio-8081-exec-10] INFO  c.project.service.ProjektServiceImpl.getProjekty(68) - REQUEST -> GET http://localhost:8080/api/projekty?page=0&size=20&sort=
2023-03-29 09:01:09.033 [http-nio-8081-exec-2] INFO  c.project.service.ProjektServiceImpl.getStudenci(84) - REQUEST -> GET http://localhost:8080/api/studenci?page=0&size=20&sort=
2023-03-29 09:01:09.197 [http-nio-8081-exec-2] INFO  c.project.service.ProjektServiceImpl.getProjekty(68) - REQUEST -> GET http://localhost:8080/api/projekty?page=0&size=20&sort=
